

		 Room No: R1

101		104		107		110		113		116		
201		204		207		210		213		216		
102		105		108		111		114		117		
202		205		208		211		214		217		
103		106		109		112		115		118		
203		206		209		212		215		218		


		 Room No: R2

119		403		407		411		415		419		
219		223		227		501		505		509		
120		404		408		412		416		420		
220		224		228		502		506		510		
401		405		409		413		417		421		
221		225		229		503		507		511		
402		406		410		414		418		422		
222		226		230		504		508		512		


		 Room No: R3

423		426		429		432		435		0		
513		516		519		522		525		0		
424		427		430		433		0		0		
514		517		520		523		0		0		
425		428		431		434		0		0		
515		518		521		524		0		0		


		 Room No: R4

0		0		0		0		0		0		
0		0		0		0		0		0		
0		0		0		0		0		0		
0		0		0		0		0		0		
0		0		0		0		0		0		
0		0		0		0		0		0		
0		0		0		0		0		0		
0		0		0		0		0		0		


		 Room No: R5

0		0		0		0		0		0		
0		0		0		0		0		0		
0		0		0		0		0		0		
0		0		0		0		0		0		
0		0		0		0		0		0		
0		0		0		0		0		0		
